@cypress/listr-verbose-renderer@0.4.1
@cypress/xvfb@1.2.4
@types/node@10.12.18
@types/semver@5.5.0
abbrev@1.1.1
accepts@1.3.5
negotiator@0.6.1
adm-zip@0.4.4
ajv@6.10.0
amdefine@1.0.1
ansi-align@2.0.0
ansi-escapes@1.4.0
ansi-regex@2.1.1
ansi-styles@3.2.1
anymatch@2.0.0
arch@2.1.1
argparse@1.0.10
arr-diff@4.0.0
arr-flatten@1.1.0
arr-union@3.1.0
array-each@1.0.1
array-filter@1.0.0
array-find-index@1.0.2
array-flatten@1.1.1
array-slice@1.1.0
array-unique@0.3.2
arrify@1.0.1
asap@2.0.6
asn1@0.2.4
assert-plus@0.2.0
assign-symbols@1.0.0
async@2.6.1
async-each@1.0.3
asynckit@0.4.0
atob@2.1.2
available-typed-arrays@1.0.2
aws-sign2@0.6.0
aws4@1.8.0
balanced-match@1.0.0
base@0.11.2
bcrypt-nodejs@0.0.3
bcrypt-pbkdf@1.0.2
binary-extensions@1.13.1
bl@1.0.3
bluebird@3.5.3
body@5.1.0
body-parser@1.18.3
bytes@3.0.0
debug@2.6.9
iconv-lite@0.4.23
qs@6.5.2
raw-body@2.3.3
boom@2.10.1
hoek@2.x.x
boxen@1.3.0
brace-expansion@1.1.11
concat-map@0.0.1
braces@2.3.2
broadway@0.3.6
cliff@0.1.9
eventemitter2@0.4.14
nconf@0.6.9
utile@0.2.1
winston@0.8.0
bson@1.0.9
buffer-crc32@0.2.13
buffer-from@1.1.1
buffer-shims@1.0.0
builtin-modules@1.1.1
bytes@3.0.0
cache-base@1.0.1
cachedir@1.3.0
caller@0.0.1
camelcase@1.2.1
camelcase-keys@2.1.0
camelize@1.0.0
capture-stack-trace@1.0.1
caseless@0.11.0
chalk@2.4.2
check-more-types@2.24.0
chokidar@2.1.6
ci-info@1.6.0
class-utils@0.3.6
clean-yaml-object@0.1.0
cli@1.0.1
exit@0.1.2
cli-boxes@1.0.0
cli-cursor@1.0.2
cli-spinners@0.1.2
cli-truncate@0.2.1
slice-ansi@0.0.4
cliff@0.1.10
winston@0.8.x
cliui@3.2.0
clone@2.1.2
code-point-at@1.1.0
coffeescript@1.10.0
collection-visit@1.0.0
color-convert@1.9.3
color-name@1.1.3
color-name@1.1.3
color-support@1.1.3
colors@0.6.2
combined-stream@1.0.7
commander@2.19.0
common-tags@1.8.0
component-emitter@1.2.1
concat-map@0.0.1
concat-stream@1.6.2
config-chain@1.1.12
configstore@3.1.2
connect@3.4.1
finalhandler@0.4.1
utils-merge@1.0.0
console-browserify@1.1.0
consolidate@0.14.5
content-disposition@0.5.2
content-security-policy-builder@1.0.0
content-type@1.0.4
continuable-cache@0.3.1
cookie@0.3.1
cookie-signature@1.0.6
copy-descriptor@0.1.1
core-util-is@1.0.2
coveralls@2.13.3
js-yaml@3.6.1
lcov-parse@0.0.10
log-driver@1.2.5
minimist@1.2.0
request@2.79.0
crc@3.4.4
create-error-class@3.0.2
cross-env@7.0.2
cross-spawn@4.0.2
cryptiles@2.0.5
boom@2.x.x
crypto-random-string@1.0.0
csrf@3.0.6
rndm@1.2.0
tsscmp@1.0.5
uid-safe@2.1.4
csurf@1.9.0
cookie@0.3.1
cookie-signature@1.0.6
ctype@0.5.3
currently-unhandled@0.4.1
cycle@1.0.3
cypress@3.3.1
@cypress/listr-verbose-renderer@0.4.1
@cypress/xvfb@1.2.4
arch@2.1.1
bluebird@3.5.0
cachedir@1.3.0
chalk@2.4.2
check-more-types@2.24.0
commander@2.15.1
common-tags@1.8.0
debug@3.2.6
execa@0.10.0
executable@4.1.1
extract-zip@1.6.7
fs-extra@4.0.1
getos@3.1.1
glob@7.1.3
is-ci@1.2.1
is-installed-globally@0.1.0
lazy-ass@1.6.0
listr@0.12.0
lodash@4.17.11
log-symbols@2.2.0
minimist@1.2.0
moment@2.24.0
ramda@0.24.1
request@2.88.0
request-progress@0.4.0
supports-color@5.5.0
tmp@0.1.0
url@0.11.0
yauzl@2.10.0
dashdash@1.14.1
dashify@0.2.2
date-fns@1.30.1
date-now@0.1.4
dateformat@1.0.12
debug@2.6.9
ms@2.0.0
debuglog@1.0.1
decamelize@1.2.0
decode-uri-component@0.2.0
deep-equal@2.0.2
deep-extend@0.6.0
deeper@2.1.0
define-properties@1.1.3
define-property@2.0.2
defined@0.0.0
delayed-stream@1.0.0
depd@1.1.2
destroy@1.0.4
detect-file@1.0.0
dezalgo@1.0.3
wrappy@1
diff@1.4.0
director@1.2.7
dns-prefetch-control@0.1.0
dom-serializer@0.2.2
domelementtype@1.3.1
domhandler@2.3.0
domelementtype@1
domutils@1.5.1
dom-serializer@0
domelementtype@1
dont-sniff-mimetype@1.0.0
dot-prop@4.2.0
duplexer3@0.1.4
duplexify@3.6.1
ecc-jsbn@0.1.2
editorconfig@0.15.2
ee-first@1.1.1
elegant-spinner@1.0.1
encodeurl@1.0.2
end-of-stream@1.4.1
entities@1.0.0
error@7.0.2
error-ex@1.3.2
es-abstract@1.17.5
es-get-iterator@1.1.0
es-to-primitive@1.2.1
es6-promise@3.2.1
escape-html@1.0.3
escape-string-regexp@1.0.5
esprima@2.7.3
etag@1.8.1
event-stream@0.5.3
optimist@0.2
eventemitter2@0.4.14
events-to-array@1.1.2
execa@0.7.0
executable@4.1.1
exit@0.1.2
exit-hook@1.1.1
expand-brackets@2.1.4
expand-tilde@2.0.2
express@4.16.4
array-flatten@1.1.1
body-parser@1.18.3
content-disposition@0.5.2
cookie@0.3.1
cookie-signature@1.0.6
debug@2.6.9
finalhandler@1.1.1
fresh@0.5.2
merge-descriptors@1.0.1
path-to-regexp@0.1.7
qs@6.5.2
safe-buffer@5.1.2
send@0.16.2
serve-static@1.13.2
setprototypeof@1.1.0
utils-merge@1.0.1
express-session@1.15.6
cookie@0.3.1
cookie-signature@1.0.6
crc@3.4.4
debug@2.6.9
utils-merge@1.0.1
extend@3.0.2
extend-shallow@3.0.2
extglob@2.0.4
extract-zip@1.6.7
concat-stream@1.6.2
debug@2.6.9
mkdirp@0.5.1
yauzl@2.4.1
extsprintf@1.3.0
eyes@0.1.8
fast-deep-equal@2.0.1
fast-json-stable-stringify@2.0.0
faye-websocket@0.10.0
fd-slicer@1.0.1
figures@1.7.0
fill-range@4.0.0
finalhandler@1.1.1
debug@2.6.9
find-up@1.1.2
findup-sync@0.3.0
fined@1.1.1
flagged-respawn@1.0.1
flatiron@0.4.3
director@1.2.7
optimist@0.6.0
prompt@0.2.14
for-in@1.0.2
foreach@2.0.5
foreground-child@1.5.6
forever@2.0.0
forever-agent@0.6.1
forever-monitor@2.0.0
ps-tree@0.0.x
form-data@2.1.4
forwarded@0.1.2
fragment-cache@0.2.1
frameguard@2.0.0
fresh@0.5.2
fs-extra@4.0.1
fs.realpath@1.0.0
fsevents@1.2.9
function-bind@1.1.1
gaze@1.1.3
generate-function@2.3.1
generate-object-property@1.2.0
get-stdin@4.0.1
get-stream@3.0.0
get-value@2.0.6
getobject@0.1.0
getos@3.1.1
async@2.6.1
getpass@0.1.7
glob@7.1.3
inherits@2
glob-parent@3.1.0
global-dirs@0.1.1
global-modules@1.0.0
global-prefix@1.0.2
globule@1.2.1
got@6.7.1
graceful-fs@4.1.15
growl@1.9.2
grunt@1.0.3
grunt-cli@1.3.2
grunt-concurrent@2.3.1
grunt-contrib-clean@1.1.0
grunt-contrib-jshint@3.2.0
grunt-contrib-nodeunit@1.0.0
grunt-contrib-watch@1.1.0
grunt-env@1.0.1
grunt-if@https@//github.com/binarymist/grunt-if/tarball/master
grunt-jsbeautifier@0.2.13
grunt-known-options@1.1.1
grunt-legacy-log@2.0.0
grunt-legacy-log-utils@2.0.1
grunt-legacy-util@1.1.1
grunt-mocha-test@0.12.7
grunt-npm-install@0.3.1
grunt-retire@0.3.12
har-schema@2.0.0
har-validator@2.0.6
has@1.0.3
has-ansi@2.0.0
has-flag@3.0.0
has-symbols@1.0.1
has-value@1.0.0
has-values@1.0.0
hawk@3.1.3
boom@2.x.x
cryptiles@2.x.x
hoek@2.x.x
sntp@1.x.x
helmet@2.3.0
connect@3.4.1
dns-prefetch-control@0.1.0
dont-sniff-mimetype@1.0.0
frameguard@2.0.0
helmet-csp@1.2.2
hide-powered-by@1.0.0
hpkp@1.2.0
hsts@1.0.0
ienoopen@1.0.0
nocache@1.0.1
referrer-policy@1.0.0
x-xss-protection@1.0.0
helmet-csp@1.2.2
camelize@1.0.0
content-security-policy-builder@1.0.0
lodash.reduce@4.5.0
platform@1.3.1
hide-powered-by@1.0.0
hoek@2.16.3
homedir-polyfill@1.0.1
hooker@0.2.3
hosted-git-info@2.7.1
hpkp@1.2.0
hsts@1.0.0
core-util-is@1.0.2
htmlparser2@3.8.3
domelementtype@1
domhandler@2.3
domutils@1.5
entities@1.0
readable-stream@1.1
http-errors@1.6.3
inherits@2.0.3
setprototypeof@1.1.0
http-parser-js@0.5.0
http-signature@1.1.1
i@0.3.6
iconv-lite@0.4.23
ienoopen@1.0.0
ignore-by-default@1.0.1
import-lazy@2.1.0
imurmurhash@0.1.4
indent-string@2.1.0
inflight@1.0.6
wrappy@1
inherits@2.0.3
ini@1.3.5
interpret@1.1.0
invert-kv@1.0.0
ipaddr.js@1.8.0
is-absolute@1.0.0
is-accessor-descriptor@0.1.6
is-arguments@1.0.4
is-arrayish@0.2.1
is-bigint@1.0.0
is-binary-path@1.0.1
is-boolean-object@1.0.1
is-buffer@1.1.6
is-builtin-module@1.0.0
is-callable@1.1.5
is-ci@1.2.1
is-data-descriptor@0.1.4
is-date-object@1.0.2
is-descriptor@0.1.6
is-extendable@0.1.1
is-extglob@2.1.1
is-finite@1.0.2
is-fullwidth-code-point@1.0.0
is-glob@4.0.1
is-installed-globally@0.1.0
is-map@2.0.1
is-my-ip-valid@1.0.0
is-my-json-valid@2.19.0
is-npm@1.0.0
is-number@3.0.0
is-number-object@1.0.4
is-obj@1.0.1
is-path-inside@1.0.1
is-plain-object@2.0.4
is-promise@2.1.0
is-property@1.0.2
is-redirect@1.0.0
is-regex@1.0.5
is-relative@1.0.0
is-retry-allowed@1.1.0
is-set@2.0.1
is-stream@1.1.0
is-string@1.0.5
is-symbol@1.0.3
is-typed-array@1.1.3
is-typedarray@1.0.0
is-unc-path@1.0.0
is-utf8@0.2.1
is-weakmap@2.0.1
is-weakset@2.0.1
is-windows@1.0.2
isarray@1.0.0
isexe@2.0.0
isobject@3.0.1
isstream@0.1.2
jade@0.26.3
commander@0.6.1
mkdirp@0.3.0
js-beautify@1.8.9
js-yaml@3.5.5
jsbn@0.1.1
jshint@2.12.0
console-browserify@1.1.x
exit@0.1.x
htmlparser2@3.8.x
shelljs@0.3.x
strip-json-comments@1.0.x
json-parse-better-errors@1.0.2
json-schema@0.2.3
json-schema-traverse@0.4.1
json-stringify-safe@5.0.1
jsonfile@3.0.1
jsonify@0.0.0
jsonpointer@4.0.1
jsprim@1.4.1
assert-plus@1.0.0
extsprintf@1.3.0
json-schema@0.2.3
verror@1.10.0
kind-of@3.2.2
latest-version@3.1.0
lazy@1.0.11
lazy-ass@1.6.0
lcid@1.0.0
lcov-parse@0.0.10
liftoff@2.5.0
listr@0.12.0
listr-silent-renderer@1.1.1
listr-update-renderer@0.2.0
listr-verbose-renderer@0.4.1
livereload-js@2.4.0
load-json-file@1.1.0
lodash@4.17.11
lodash.once@4.1.1
lodash.reduce@4.5.0
log-driver@1.2.5
log-symbols@2.2.0
log-update@1.0.2
loud-rejection@1.6.0
lowercase-keys@1.0.1
lru-cache@4.1.5
make-dir@1.3.0
make-iterator@1.0.1
map-cache@0.2.2
map-obj@1.0.1
map-visit@1.0.0
marked@0.3.5
media-typer@0.3.0
meow@3.7.0
merge-descriptors@1.0.1
methods@1.1.2
micromatch@3.1.10
mime@1.4.1
mime-db@1.37.0
mime-types@2.1.21
minimatch@3.0.4
minimist@0.0.10
mixin-deep@1.3.1
mkdirp@0.5.1
minimist@0.0.8
mocha@2.5.3
commander@2.3.0
debug@2.2.0
diff@1.4.0
escape-string-regexp@1.0.2
glob@3.2.11
growl@1.9.2
jade@0.26.3
mkdirp@0.5.1
supports-color@1.2.0
to-iso-string@0.0.2
moment@2.24.0
mongodb@2.2.36
es6-promise@3.2.1
mongodb-core@2.1.20
readable-stream@2.2.7
mongodb-core@2.1.20
ms@2.0.0
mute-stream@0.0.8
nan@2.14.0
nanomatch@1.2.13
nconf@0.10.0
ncp@0.4.2
needle@2.2.4
negotiator@0.6.1
nice-try@1.0.5
nocache@1.0.1
depd@1.1.0
node-esapi@0.0.1
node-eta@0.1.1
nodemon@1.19.1
nodeunit@0.9.5
nopt@4.0.1
abbrev@1
normalize-package-data@2.4.0
semver@2||3||4||5
normalize-path@3.0.0
npm@3.10.10
ansi-regex@*
debuglog@*
imurmurhash@*
lodash._baseindexof@*
lodash._bindcallback@*
lodash._cacheindexof@*
lodash._createcache@*
lodash._getnative@*
lodash.restparam@*
readdir-scoped-modules@*
uid-number@0.0.6
validate-npm-package-license@*
npm-run-path@2.0.2
nssocket@0.6.0
number-is-nan@1.0.1
nyc@7.1.0
oauth-sign@0.8.2
object-assign@4.1.1
object-copy@0.1.0
object-inspect@1.7.0
object-is@1.0.2
object-keys@1.1.1
object-visit@1.0.1
object.assign@4.1.0
object.defaults@1.1.0
object.map@1.0.1
object.pick@1.3.0
on-finished@2.3.0
ee-first@1.1.1
on-headers@1.0.1
once@1.4.0
wrappy@1
onetime@1.1.0
only-shallow@1.2.0
opener@1.5.1
optimist@0.6.1
options@0.0.6
ora@0.2.3
os-homedir@1.0.2
os-locale@1.4.0
os-tmpdir@1.0.2
osenv@0.1.5
p-finally@1.0.0
p-map@1.2.0
package-json@4.0.1
pad-stream@1.2.0
parse-filepath@1.0.2
parse-json@2.2.0
parse-passwd@1.0.0
parseurl@1.3.2
pascalcase@0.1.1
path-dirname@1.0.2
path-exists@2.1.0
path-is-absolute@1.0.1
path-is-inside@1.0.2
path-key@2.0.1
path-root@0.1.1
path-root-regex@0.1.2
path-to-regexp@0.1.7
path-type@1.1.0
pend@1.2.0
performance-now@2.1.0
pify@2.3.0
pinkie@2.0.4
pinkie-promise@2.0.1
pkginfo@0.3.1
platform@1.3.1
posix-character-classes@0.1.1
prepend-http@1.0.4
prettyjson@1.2.1
process-nextick-args@2.0.0
prompt@0.2.14
pkginfo@0.x.x
read@1.0.x
revalidator@0.1.x
utile@0.2.x
winston@0.8.x
proto-list@1.2.4
proxy-addr@2.0.4
ipaddr.js@1.8.0
ps-tree@0.0.3
pseudomap@1.0.2
psl@1.1.32
pstree.remy@1.1.7
pump@2.0.1
pumpify@1.5.1
punycode@1.4.1
q@1.5.1
qs@6.5.2
querystring@0.2.0
ramda@0.24.1
random-bytes@1.0.0
range-parser@1.2.0
raw-body@2.3.3
bytes@3.0.0
http-errors@1.6.3
iconv-lite@0.4.23
unpipe@1.0.0
rc@1.2.8
read@1.0.7
read-installed@4.0.3
semver@2||3||4||5
read-package-json@2.0.13
read-pkg@1.1.0
read-pkg-up@1.0.1
readable-stream@2.3.6
readdir-scoped-modules@1.0.2
readdirp@2.2.1
rechoir@0.6.2
redent@1.0.0
referrer-policy@1.0.0
regex-not@1.0.2
regexp.prototype.flags@1.3.0
registry-auth-token@3.4.0
registry-url@3.1.0
remove-trailing-separator@1.1.0
repeat-element@1.1.3
repeat-string@1.6.1
repeating@2.0.1
request@2.79.0
request-progress@0.4.0
require_optional@1.0.1
resolve@1.1.7
resolve-dir@1.0.1
resolve-from@2.0.0
resolve-url@0.2.1
restore-cursor@1.0.1
resumer@0.0.0
ret@0.1.15
retire@1.1.6
commander@2.5.x
underscore@1.7.x-1.8.x
walkdir@0.0.7
revalidator@0.1.8
rimraf@2.6.3
rndm@1.2.0
rxjs@5.5.12
symbol-observable@1.0.1
safe-buffer@5.1.2
safe-json-parse@1.0.1
safe-regex@1.1.0
safer-buffer@2.1.2
sax@1.2.4
secure-keys@1.0.0
selenium-webdriver@2.53.3
adm-zip@0.4.4
tmp@0.0.24
xml2js@0.4.4
semver@5.6.0
semver-diff@2.1.0
send@0.16.2
debug@2.6.9
fresh@0.5.2
mime@1.4.1
ms@2.0.0
serve-favicon@2.5.0
fresh@0.5.2
ms@2.1.1
safe-buffer@5.1.1
serve-static@1.13.2
send@0.16.2
set-value@2.0.0
setprototypeof@1.1.0
shebang-command@1.2.0
shebang-regex@1.0.0
shelljs@0.3.0
should@8.4.0
should-equal@0.8.0
should-format@0.3.2
should-type@0.2.0
should-equal@0.8.0
should-type@0.2.0
should-format@0.3.2
should-type@0.2.0
should-type@0.2.0
shush@1.0.0
side-channel@1.0.2
sigmund@1.0.1
signal-exit@3.0.2
slash@1.0.0
slice-ansi@0.0.4
slide@1.1.6
snapdragon@0.8.2
snapdragon-node@2.1.1
snapdragon-util@3.0.1
sntp@1.0.9
hoek@2.x.x
source-map@0.5.7
source-map-resolve@0.5.2
source-map-url@0.4.0
spdx-correct@3.1.0
spdx-exceptions@2.2.0
spdx-expression-parse@3.0.0
spdx-license-ids@3.0.3
split-string@3.1.0
split2@1.1.1
sprintf-js@1.1.2
sshpk@1.16.0
stack-trace@0.0.10
stack-utils@0.4.0
static-extend@0.1.2
statuses@1.5.0
stream-shift@1.0.0
stream-to-observable@0.1.0
string_decoder@1.1.1
string-template@0.2.1
string-width@1.0.2
string.prototype.trimend@1.0.0
string.prototype.trimleft@2.1.2
string.prototype.trimright@2.1.2
string.prototype.trimstart@1.0.0
stringstream@0.0.6
strip-ansi@3.0.1
strip-bom@2.0.0
strip-eof@1.0.0
strip-indent@1.0.1
strip-json-comments@2.0.1
supports-color@5.5.0
swig@1.4.2
symbol-observable@1.0.1
tap@7.1.2
os-homedir@1.0.1
tap-mocha-reporter@2.0.1
tap-parser@2.2.3
tape@2.3.3
term-size@1.2.0
throttleit@0.0.2
through@2.3.8
through2@2.0.5
timed-out@4.0.1
tiny-lr@1.1.1
tmatch@2.0.1
tmp@0.0.24
to-iso-string@0.0.2
to-object-path@0.3.0
to-regex@3.0.2
to-regex-range@2.1.1
touch@3.1.0
tough-cookie@2.3.4
trim-newlines@1.0.0
tsscmp@1.0.5
tunnel-agent@0.4.3
tweetnacl@0.14.5
type-is@1.6.16
media-typer@0.3.0
typedarray@0.0.6
uglify-js@2.4.24
source-map@0.1.34
uglify-to-browserify@1.0.2
uid-safe@2.1.4
ultron@1.0.2
unc-path-regex@0.1.2
undefsafe@2.0.2
underscore@1.9.1
underscore.string@3.3.5
unicode-length@1.0.3
union-value@1.0.0
unique-string@1.0.0
universalify@0.1.2
unpipe@1.0.0
unset-value@1.0.0
unzip-response@2.0.1
upath@1.1.2
update-notifier@2.5.0
uri-js@4.2.2
urix@0.1.0
url@0.11.0
punycode@1.3.2
querystring@0.2.0
url-parse-lax@1.0.0
use@3.1.1
util-deprecate@1.0.2
util-extend@1.0.3
utile@0.3.0
i@0.3.x
mkdirp@0.x.x
ncp@1.0.x
rimraf@2.x.x
utils-merge@1.0.1
uuid@3.3.2
v8flags@3.1.2
validate-npm-package-license@3.0.4
vary@1.1.2
verror@1.10.0
core-util-is@1.0.2
walkdir@0.0.7
websocket-driver@0.7.0
websocket-extensions@0.1.3
which@1.3.1
which-boxed-primitive@1.0.1
which-collection@1.0.1
which-typed-array@1.1.1
widest-line@2.0.1
window-size@0.1.0
winston@0.8.3
async@0.2.x
colors@0.6.x
cycle@1.0.x
eyes@0.1.x
isstream@0.1.x
pkginfo@0.3.x
stack-trace@0.0.x
wordwrap@0.0.3
wrap-ansi@2.1.0
wrappy@1.0.2
write-file-atomic@2.4.3
ws@1.1.5
ultron@1.0.x
x-xss-protection@1.0.0
xdg-basedir@3.0.0
xml2js@0.4.4
sax@0.6.x
xmlbuilder@10.1.1
xtend@4.0.1
y18n@3.2.1
yargs@3.5.4
window-size@0.1.0
wordwrap@0.0.2
yauzl@2.10.0
zaproxy@0.2.0
listr-verbose-renderer@0.4.1
ansi-styles@2.2.1
chalk@1.1.3
supports-color@5.5.0
xvfb@1.2.4
debug@3.2.6
ms@2.1.1
node@10.12.18
semver@5.6.0
abbrev@1.0.9
accepts@1.3.5
adm-zip@0.4.4
ajv@6.10.0
amdefine@1.0.0
ansi-align@2.0.0
ansi-regex@3.0.0
is-fullwidth-code-point@2.0.0
string-width@2.1.1
strip-ansi@4.0.0
ansi-escapes@1.4.0
anymatch@2.0.0
normalize-path@2.0.1
arch@2.1.1
argparse@1.0.10
sprintf-js@1.1.2
arr-diff@2.0.0
arr-flatten@1.0.1
arr-union@3.1.0
array-each@1.0.1
array-filter@1.0.0
array-find-index@1.0.2
array-flatten@1.1.1
array-slice@1.1.0
array-unique@0.2.1
arrify@1.0.1
asap@2.0.5
asn1@0.1.11
assert-plus@0.1.5
assign-symbols@1.0.0
async@0.9.2
async-each@1.0.3
asynckit@0.4.0
atob@2.1.2
available-typed-arrays@1.0.2
aws-sign2@0.5.0
aws4@1.4.1
balanced-match@0.4.2
base@0.11.2
define-property@0.2.5
is-accessor-descriptor@1.0.0
is-data-descriptor@1.0.0
is-descriptor@1.0.2
isobject@3.0.1
kind-of@6.0.2
bcrypt-nodejs@0.0.3
bcrypt-pbkdf@1.0.0
[2023-05-30 20@16@50,646-ERROR-scanDependency-94]@ Error @ ConnectionError(ProtocolError('Connection aborted.', RemoteDisconnected('Remote end closed connection without response')))
binary-extensions@1.13.1
bl@1.1.2
process-nextick-args@2.0.0
readable-stream@2.3.6
string_decoder@1.1.1
bluebird@3.5.0
body@5.1.0
body-parser@1.18.3
bytes@3.0.0
raw-body@2.3.3
boom@0.4.2
boxen@1.3.0
camelcase@3.0.0
brace-expansion@1.1.6
braces@1.8.5
extend-shallow@2.0.1
broadway@0.3.6
cliff@0.1.10
nconf@0.10.0
optimist@0.6.1
utile@0.3.0
winston@0.8.3
bson@1.0.9
buffer-crc32@0.2.13
buffer-from@1.1.1
buffer-shims@1.0.0
builtin-modules@1.1.1
cache-base@1.0.1
cachedir@1.3.0
caller@0.0.1
camelcase-keys@2.1.0
camelize@1.0.0
capture-stack-trace@1.0.1
caseless@0.11.0
check-more-types@2.24.0
chokidar@2.1.8
ci-info@1.6.0
class-utils@0.3.6
clean-yaml-object@0.1.0
cli@1.0.1
cli-boxes@1.0.0
cli-cursor@1.0.2
cli-spinners@0.1.2
cli-truncate@0.2.1
colors@1.4.0
cliui@3.2.0
clone@1.0.2
code-point-at@1.0.0
coffeescript@1.10.0
collection-visit@1.0.0
color-convert@2.0.1
color-name@1.1.4
color-support@1.1.3
combined-stream@0.0.7
commander@2.5.1
common-tags@1.8.0
component-emitter@1.2.1
concat-map@0.0.1
concat-stream@1.5.2
config-chain@1.1.11
configstore@3.1.2
connect@3.4.1
finalhandler@1.1.1
utils-merge@1.0.1
console-browserify@1.1.0
consolidate@0.14.5
content-disposition@0.5.2
content-security-policy-builder@1.0.0
content-type@1.0.4
continuable-cache@0.3.1
cookie@0.3.1
cookie-signature@1.0.6
copy-descriptor@0.1.1
core-util-is@1.0.2
coveralls@2.13.3
js-yaml@3.5.5
minimist@1.2.0
crc@3.4.4
create-error-class@3.0.2
cross-env@7.0.2
cross-spawn@4.0.0
path-key@2.0.1
shebang-command@1.2.0
shebang-regex@1.0.0
which@1.3.1
cryptiles@0.2.2
crypto-random-string@1.0.0
csrf@3.0.6
csurf@1.9.0
http-errors@1.6.3
setprototypeof@1.1.0
ctype@0.5.3
currently-unhandled@0.4.1
cycle@1.0.3
cypress@3.3.1
execa@0.7.0
form-data@0.1.4
har-validator@2.0.6
http-signature@0.10.1
oauth-sign@0.3.0
request@2.36.0
tmp@0.0.24
tough-cookie@2.3.4
tunnel-agent@0.4.3
dashdash@1.14.0
dashify@0.2.2
date-fns@1.30.1
date-now@0.1.4
dateformat@1.0.12
debuglog@1.0.1
decamelize@1.2.0
decode-uri-component@0.2.0
deep-equal@0.2.2
isarray@1.0.0
deep-extend@0.6.0
deeper@2.1.0
define-properties@1.1.3
defined@0.0.0
delayed-stream@0.0.5
depd@1.1.0
destroy@1.0.4
detect-file@1.0.0
dezalgo@1.0.3
diff@1.4.0
director@1.2.7
dns-prefetch-control@0.1.0
dom-serializer@0.2.2
domelementtype@1.3.1
entities@1.0.0
domhandler@2.3.0
domutils@1.5.1
dont-sniff-mimetype@1.0.0
dot-prop@4.2.0
duplexer3@0.1.4
duplexify@3.6.1
ecc-jsbn@0.1.1
editorconfig@0.15.2
ee-first@1.1.1
elegant-spinner@1.0.1
encodeurl@1.0.2
end-of-stream@1.4.1
error@7.0.2
error-ex@1.3.0
es-abstract@1.17.5
es-get-iterator@1.1.0
es-to-primitive@1.2.1
es6-promise@3.2.1
escape-html@1.0.3
escape-string-regexp@1.0.5
esprima@2.7.3
etag@1.8.1
event-stream@0.5.3
eventemitter2@0.4.14
events-to-array@1.1.2
executable@4.1.1
exit@0.1.2
exit-hook@1.1.1
expand-brackets@0.1.5
expand-tilde@2.0.2
express@4.16.4
express-session@1.15.6
uid-safe@2.1.4
statuses@1.5.0
extend@3.0.0
is-extendable@0.1.1
extglob@0.3.2
extract-zip@1.6.7
yauzl@2.10.0
extsprintf@1.0.2
eyes@0.1.8
fast-deep-equal@2.0.1
fast-json-stable-stringify@2.0.0
faye-websocket@0.10.0
fd-slicer@1.1.0
figures@1.7.0
object-assign@4.1.1
fill-range@2.2.3
find-up@1.1.2
findup-sync@2.0.0
glob@7.0.5
fined@1.1.1
flagged-respawn@1.0.1
flatiron@0.4.3
for-in@0.1.5
foreach@2.0.5
foreground-child@1.5.3
forever@2.0.0
forever-agent@0.5.2
forever-monitor@2.0.0
path-is-absolute@1.0.1
forwarded@0.1.2
fragment-cache@0.2.1
frameguard@2.0.0
fresh@0.5.2
fs-extra@4.0.1
fs.realpath@1.0.0
fsevents@1.2.9
aproba@1.0.4
are-we-there-yet@1.1.2
chownr@1.0.1
console-control-strings@1.1.0
delegates@1.0.0
detect-libc@1.0.3
fs-minipass@1.2.5
gauge@2.6.0
has-unicode@2.0.1
iconv-lite@0.4.23
ignore-walk@3.0.1
inflight@1.0.5
inherits@2.0.1
ini@1.3.4
minimatch@3.0.2
minipass@2.3.5
minizlib@1.2.1
mkdirp@0.5.1
needle@2.2.4
node-pre-gyp@0.12.0
nopt@1.0.10
npm-bundled@1.0.6
npm-packlist@1.4.1
npmlog@4.0.0
number-is-nan@1.0.0
once@1.4.0
os-homedir@1.0.1
os-tmpdir@1.0.2
osenv@0.1.5
rc@1.2.8
rimraf@2.6.3
safe-buffer@5.1.1
safer-buffer@2.1.2
sax@0.6.1
set-blocking@2.0.0
signal-exit@3.0.2
strip-json-comments@2.0.1
tar@2.2.1
util-deprecate@1.0.2
wide-align@1.1.0
wrappy@1.0.2
yallist@2.0.0
function-bind@1.1.1
gaze@1.1.3
generate-function@2.0.0
generate-object-property@1.2.0
get-stdin@4.0.1
get-stream@3.0.0
get-value@2.0.6
getobject@0.1.0
getos@3.1.1
getpass@0.1.6
glob-parent@2.0.0
is-glob@2.0.1
global-dirs@0.1.1
global-modules@1.0.0
global-prefix@1.0.2
globule@1.2.1
got@6.7.1
graceful-fs@4.1.4
growl@1.9.2
grunt@1.0.3
grunt-cli@1.2.0
grunt-concurrent@2.3.1
grunt-contrib-clean@1.1.0
grunt-contrib-jshint@1.1.0
has-flag@1.0.0
jshint@2.12.0
lodash@2.4.2
grunt-contrib-nodeunit@1.0.0
grunt-contrib-watch@1.1.0
grunt-env@1.0.1
grunt-if@0.2.0
grunt-jsbeautifier@0.2.13
grunt-known-options@1.1.1
grunt-legacy-log@2.0.0
grunt-legacy-log-utils@2.0.1
grunt-legacy-util@1.1.1
grunt-mocha-test@0.12.7
grunt-npm-install@0.3.1
grunt-retire@0.3.12
node-uuid@1.4.8
qs@0.6.6
har-schema@2.0.0
has@1.0.3
has-ansi@2.0.0
has-symbols@1.0.1
has-value@0.3.1
has-values@0.1.4
is-number@3.0.0
hawk@1.0.0
helmet@2.3.0
helmet-csp@1.2.2
hide-powered-by@1.0.0
hoek@0.9.1
homedir-polyfill@1.0.1
hooker@0.2.3
hosted-git-info@2.1.5
hpkp@1.2.0
hsts@1.0.0
htmlparser2@3.8.3
http-parser-js@0.5.0
i@0.3.6
ienoopen@1.0.0
ignore-by-default@1.0.1
import-lazy@2.1.0
imurmurhash@0.1.4
indent-string@3.2.0
interpret@1.1.0
invert-kv@1.0.0
ipaddr.js@1.8.0
is-absolute@1.0.0
is-arguments@1.0.4
is-arrayish@0.2.1
is-bigint@1.0.0
is-binary-path@1.0.1
is-boolean-object@1.0.1
is-buffer@1.1.3
is-builtin-module@1.0.0
is-callable@1.1.5
is-ci@1.2.1
is-date-object@1.0.2
is-extglob@1.0.0
is-finite@1.0.1
is-installed-globally@0.1.0
is-map@2.0.1
is-my-ip-valid@1.0.0
is-my-json-valid@2.15.0
is-npm@1.0.0
is-number-object@1.0.4
is-obj@1.0.1
is-path-inside@1.0.1
is-plain-object@2.0.4
is-promise@2.1.0
is-property@1.0.2
is-redirect@1.0.0
is-regex@1.0.5
is-relative@1.0.0
is-retry-allowed@1.1.0
is-set@2.0.1
is-stream@1.1.0
is-string@1.0.5
is-symbol@1.0.3
is-typed-array@1.1.3
is-typedarray@1.0.0
is-unc-path@1.0.0
is-utf8@0.2.1
is-weakmap@2.0.1
is-weakset@2.0.1
is-windows@1.0.2
isexe@1.1.2
isstream@0.1.2
jade@0.26.3
js-beautify@1.8.9
jsbn@0.1.0
json-parse-better-errors@1.0.2
json-schema@0.2.3
json-schema-traverse@0.4.1
json-stringify-safe@5.0.1
jsonfile@3.0.1
jsonify@0.0.0
jsonpointer@4.0.0
jsprim@1.3.1
latest-version@3.1.0
lazy@1.0.11
lazy-ass@1.6.0
lcid@1.0.0
lcov-parse@0.0.10
liftoff@2.5.0
micromatch@2.3.11
listr@0.12.0
listr-silent-renderer@1.1.1
listr-update-renderer@0.2.0
log-symbols@2.2.0
livereload-js@2.4.0
load-json-file@1.1.0
lodash.once@4.1.1
lodash.reduce@4.5.0
log-driver@1.2.5
log-update@1.0.2
loud-rejection@1.6.0
lowercase-keys@1.0.1
lru-cache@4.0.1
make-dir@1.3.0
pify@2.3.0
make-iterator@1.0.1
map-cache@0.2.2
map-obj@1.0.1
map-visit@1.0.0
marked@0.3.5
media-typer@0.3.0
meow@3.7.0
merge-descriptors@1.0.1
methods@1.1.2
mime@1.2.11
mime-db@1.24.0
mime-types@2.1.12
mixin-deep@1.3.1
mocha@2.5.3
moment@2.24.0
mongodb@2.2.36
mongodb-core@2.1.20
mute-stream@0.0.5
nan@2.14.0
nanomatch@1.2.13
window-size@0.1.0
yargs@3.5.4
ncp@1.0.1
negotiator@0.6.1
nice-try@1.0.5
nocache@1.0.1
node-esapi@0.0.1
node-eta@0.1.1
nodemon@1.19.1
nodeunit@0.9.5
normalize-package-data@2.3.5
npm@3.10.10
npm-run-path@2.0.2
ansicolors@0.3.2
ansistyles@0.1.3
archy@1.0.0
cmd-shim@2.0.2
columnify@1.5.4
wcwidth@1.0.0
defaults@1.0.3
proto-list@1.2.4
editor@1.0.0
fs-vacuum@1.2.9
fs-write-stream-atomic@1.0.8
fstream@1.0.10
fstream-npm@1.2.0
fstream-ignore@1.0.5
iferr@0.1.5
init-package-json@1.9.4
promzard@0.3.0
lockfile@1.0.2
lodash._baseindexof@3.1.0
lodash._baseuniq@4.6.0
lodash._createset@4.0.3
lodash._root@3.0.1
lodash._bindcallback@3.0.1
lodash._cacheindexof@3.0.2
lodash._createcache@3.1.2
lodash._getnative@3.9.1
lodash.clonedeep@4.5.0
lodash.restparam@3.6.1
lodash.union@4.6.0
lodash.uniq@4.5.0
lodash.without@4.4.0
node-gyp@3.4.0
has-color@0.1.7
path-array@1.0.1
array-index@1.0.0
es6-symbol@3.1.0
d@0.1.1
es5-ext@0.10.12
es6-iterator@2.0.0
normalize-git-url@3.0.2
npm-cache-filename@1.0.2
npm-install-checks@3.0.0
npm-package-arg@4.2.0
npm-registry-client@7.2.1
typedarray@0.0.6
retry@0.10.0
npm-user-validate@0.1.5
opener@1.5.1
path-is-inside@1.0.2
read@1.0.7
read-cmd-shim@1.0.1
read-installed@4.0.3
util-extend@1.0.3
read-package-json@2.0.13
json-parse-helpfulerror@1.0.3
jju@1.3.0
read-package-tree@5.1.5
readdir-scoped-modules@1.0.2
realize-package-specifier@3.0.3
graceful-readlink@1.0.1
xtend@4.0.1
pinkie-promise@2.0.1
pinkie@2.0.4
sntp@0.2.4
verror@1.10.0
sshpk@1.16.0
jodid25519@1.0.2
tweetnacl@0.14.5
stringstream@0.0.6
sha@2.0.1
slide@1.1.6
sorted-object@2.0.1
block-stream@0.0.8
text-table@0.2.0
uid-number@0.0.6
umask@1.1.0
unique-filename@1.1.0
unique-slug@2.0.0
unpipe@1.0.0
validate-npm-package-license@3.0.4
spdx-correct@3.1.0
spdx-license-ids@3.0.3
spdx-expression-parse@3.0.0
spdx-exceptions@2.2.0
validate-npm-package-name@2.2.2
builtins@0.0.7
write-file-atomic@2.4.3
nssocket@0.6.0
nyc@7.1.0
align-text@0.1.4
append-transform@0.3.0
babel-code-frame@6.11.0
babel-generator@6.11.4
babel-messages@6.8.0
babel-runtime@6.9.2
babel-template@6.9.0
babel-traverse@6.11.4
babel-types@6.11.1
babylon@6.8.4
caching-transform@1.0.1
center-align@0.1.3
wordwrap@0.0.2
commondir@1.0.1
convert-source-map@1.3.0
core-js@2.4.1
default-require-extensions@1.0.0
detect-indent@3.0.1
esutils@2.0.2
expand-range@1.8.2
filename-regex@2.0.0
find-cache-dir@0.1.1
for-own@1.0.0
get-caller-file@1.0.1
glob-base@0.3.0
globals@8.18.0
handlebars@4.0.5
source-map@0.1.34
invariant@2.2.1
is-dotfile@1.0.2
is-equal-shallow@0.1.3
is-posix-bracket@0.1.1
is-primitive@2.0.0
istanbul-lib-coverage@1.0.0-alpha.4
istanbul-lib-hook@1.0.0-alpha.4
istanbul-lib-instrument@1.1.0-alpha.4
istanbul-lib-report@1.0.0-alpha.3
istanbul-lib-source-maps@1.0.0-alpha.10
istanbul-reports@1.0.0-alpha.8
js-tokens@1.0.3
lazy-cache@1.0.4
lodash.assign@4.0.9
lodash.keys@4.0.7
lodash.rest@4.0.3
longest@1.0.1
loose-envify@1.2.0
md5-hex@1.3.0
md5-o-matic@0.1.1
object.omit@2.0.0
os-locale@1.4.0
parse-glob@3.0.4
parse-json@2.2.0
path-exists@2.1.0
path-parse@1.0.5
path-type@1.1.0
pkg-dir@1.0.0
pkg-up@1.0.0
preserve@0.2.0
pseudomap@1.0.2
randomatic@1.1.5
read-pkg@1.1.0
read-pkg-up@1.0.1
regenerator-runtime@0.9.5
regex-cache@0.4.3
repeat-element@1.1.3
repeat-string@1.6.1
repeating@2.0.1
require-directory@2.1.1
require-main-filename@1.0.1
resolve-from@2.0.0
right-align@0.1.3
spawn-wrap@1.2.4
strip-bom@2.0.0
test-exclude@1.1.0
to-fast-properties@1.0.2
uglify-js@2.4.24
uglify-to-browserify@1.0.2
which-module@1.0.0
wrap-ansi@2.1.0
y18n@3.2.1
yargs-parser@2.4.1
object-copy@0.1.0
object-inspect@1.7.0
object-is@1.0.2
object-keys@1.1.1
object-visit@1.0.1
object.assign@4.1.0
object.defaults@1.1.0
object.map@1.0.1
object.pick@1.3.0
on-finished@2.3.0
on-headers@1.0.1
onetime@1.1.0
only-shallow@1.2.0
options@0.0.6
ora@0.2.3
p-finally@1.0.0
p-map@1.2.0
package-json@4.0.1
pad-stream@1.2.0
parse-filepath@1.0.2
parse-passwd@1.0.0
parseurl@1.3.2
pascalcase@0.1.1
path-dirname@1.0.2
path-root@0.1.1
path-root-regex@0.1.2
path-to-regexp@0.1.7
pend@1.2.0
performance-now@2.1.0
pkginfo@0.3.1
platform@1.3.1
posix-character-classes@0.1.1
prepend-http@1.0.4
prettyjson@1.2.1
prompt@0.2.14
proxy-addr@2.0.4
ps-tree@0.0.3
psl@1.1.32
pstree.remy@1.1.7
pump@2.0.1
pumpify@1.5.1
punycode@1.3.2
q@1.5.1
querystring@0.2.0
ramda@0.24.1
random-bytes@1.0.0
range-parser@1.2.0
readdirp@2.2.1
rechoir@0.6.2
redent@1.0.0
referrer-policy@1.0.0
regex-not@1.0.2
regexp.prototype.flags@1.3.0
registry-auth-token@3.4.0
registry-url@3.1.0
remove-trailing-separator@1.1.0
request-progress@0.4.0
require_optional@1.0.1
resolve@1.1.7
resolve-dir@1.0.1
resolve-url@0.2.1
restore-cursor@1.0.1
resumer@0.0.0
ret@0.1.15
retire@1.1.6
underscore@1.9.1
revalidator@0.1.8
rndm@1.2.0
rxjs@5.5.12
safe-json-parse@1.0.1
safe-regex@1.1.0
secure-keys@1.0.0
selenium-webdriver@2.53.3
semver-diff@2.1.0
send@0.16.2
serve-favicon@2.5.0
serve-static@1.13.2
set-value@0.4.3
shelljs@0.3.0
should@8.4.0
should-equal@0.8.0
should-format@0.3.2
should-type@0.2.0
shush@1.0.0
side-channel@1.0.2
sigmund@1.0.1
slash@1.0.0
slice-ansi@0.0.4
snapdragon@0.8.2
snapdragon-node@2.1.1
snapdragon-util@3.0.1
source-map-resolve@0.5.2
source-map-url@0.4.0
split-string@3.1.0
split2@1.1.1
stack-trace@0.0.10
stack-utils@0.4.0
static-extend@0.1.2
stream-shift@1.0.0
stream-to-observable@0.1.0
string-template@0.2.1
string.prototype.trimend@1.0.0
string.prototype.trimleft@2.1.2
string.prototype.trimright@2.1.2
string.prototype.trimstart@1.0.0
strip-eof@1.0.0
strip-indent@1.0.1
swig@1.4.2
symbol-observable@1.0.1
tap@7.1.2
tap-mocha-reporter@2.0.1
tap-parser@2.2.3
tape@2.3.3
term-size@1.2.0
throttleit@0.0.2
through@2.3.8
through2@2.0.5
timed-out@4.0.1
tiny-lr@1.1.1
tmatch@2.0.1
to-iso-string@0.0.2
to-object-path@0.3.0
to-regex@3.0.2
to-regex-range@2.1.1
touch@3.1.0
trim-newlines@1.0.0
tsscmp@1.0.5
type-is@1.6.16
ultron@1.0.2
unc-path-regex@0.1.2
undefsafe@2.0.2
underscore.string@3.3.5
unicode-length@1.0.3
union-value@1.0.0
unique-string@1.0.0
universalify@0.1.2
unset-value@1.0.0
unzip-response@2.0.1
upath@1.1.2
update-notifier@2.5.0
uri-js@4.2.2
urix@0.1.0
url@0.11.0
url-parse-lax@1.0.0
use@3.1.1
uuid@3.3.2
v8flags@3.1.2
vary@1.1.2
walkdir@0.0.7
websocket-driver@0.7.0
websocket-extensions@0.1.3
which-boxed-primitive@1.0.1
which-collection@1.0.1
which-typed-array@1.1.1
widest-line@2.0.1
ws@1.1.5
x-xss-protection@1.0.0
xdg-basedir@3.0.0
xml2js@0.4.4
xmlbuilder@10.1.1
zaproxy@0.2.0
JSONStream@1.3.5
jsonparse@1.3.1
through@2.3.8
balanced-match@1.0.0
brace-expansion@1.1.11
balanced-match@1.0.0
concat-map@0.0.1
browser-stdout@1.3.1
commander@2.15.1
concat-map@0.0.1
debug@4.1.0
ms@2.1.1
diff@3.5.0
escape-string-regexp@1.0.5
formatio@1.2.0
samsam@1.3.0
fs.realpath@1.0.0
glob@7.1.2
fs.realpath@1.0.0
inflight@1.0.6
inherits@2.0.3
minimatch@3.0.4
once@1.4.0
path-is-absolute@1.0.1
growl@1.10.5
has-flag@3.0.0
he@1.1.1
iconv-lite@0.4.7
inflight@1.0.6
once@1.4.0
wrappy@1.0.2
inherits@2.0.3
isarray@0.0.1
jschardet@1.6.0
jsonparse@1.3.1
lolex@1.6.0
minimatch@3.0.4
brace-expansion@1.1.11
minimist@0.0.8
mkdirp@0.5.1
minimist@0.0.8
mocha@5.2.0
browser-stdout@1.3.1
commander@2.15.1
debug@3.1.0
diff@3.5.0
escape-string-regexp@1.0.5
glob@7.1.2
growl@1.10.5
he@1.1.1
minimatch@3.0.4
mkdirp@0.5.1
supports-color@5.4.0
ms@2.1.1
native-promise-only@0.8.1
once@1.4.0
wrappy@1.0.2
path-is-absolute@1.0.1
path-to-regexp@1.7.0
isarray@0.0.1
q@1.5.1
samsam@1.3.0
sax@1.2.4
should@13.2.3
should-equal@2.0.0
should-format@3.0.3
should-type@1.4.0
should-type-adaptors@1.1.0
should-util@1.0.0
should-equal@2.0.0
should-type@1.4.0
should-format@3.0.3
should-type@1.4.0
should-type-adaptors@1.1.0
should-type@1.4.0
should-type-adaptors@1.1.0
should-type@1.4.0
should-util@1.0.0
should-util@1.0.0
sinon@2.3.0
diff@3.5.0
formatio@1.2.0
lolex@1.6.0
native-promise-only@0.8.1
path-to-regexp@1.7.0
samsam@1.3.0
text-encoding@0.6.4
type-detect@4.0.8
supports-color@5.4.0
has-flag@3.0.0
text-encoding@0.6.4
through@2.3.8
type-detect@4.0.8
wrappy@1.0.2
xml2js@0.4.19
sax@1.2.4
xmlbuilder@9.0.7
xmlbuilder@9.0.7
